<?xml version="1.0" encoding="UTF-8"?>
<testsuites name="New Test Suite lab01" time="137.714" tests="5" failures="0" errors="0">
   <testsuite name="New Test Suite lab01" tests="5" failures="0" errors="0" time="137.714" timestamp="2020-09-30 17:00:29" hostname="ANNV - DESKTOP-CLLTEF0" id="Test Suites/New Test Suite lab01">
      <properties>
         <property name="deviceName" value=""/>
         <property name="devicePlatform" value=""/>
         <property name="logFolder" value="C:\\Users\\ANNV\\Katalon Studio\\My First Web UI Project\\Reports\\20200930_170017\\New Test Suite lab01\\20200930_170017"/>
         <property name="logFiles" value="C:\\Users\\ANNV\\Katalon Studio\\My First Web UI Project\\Reports\\20200930_170017\\New Test Suite lab01\\20200930_170017\\execution0.log"/>
         <property name="attachments" value=""/>
         <property name="hostName" value="ANNV - DESKTOP-CLLTEF0"/>
         <property name="os" value="Windows 10 64bit"/>
         <property name="katalonVersion" value="7.7.0.205"/>
         <property name="browser" value="Chrome 85.0.4183.121"/>
         <property name="hostAddress" value="192.168.0.104"/>
         <property name="sessionId" value="3da560d9711844f75bf59eba82636dbc"/>
         <property name="seleniumVersion" value="3.141.59"/>
         <property name="proxyInformation" value="ProxyInformation { proxyOption=NO_PROXY, proxyServerType=HTTP, username=, password=********, proxyServerAddress=, proxyServerPort=0, executionList=&quot;&quot;, isApplyToDesiredCapabilities=true }"/>
         <property name="platform" value="Windows 10"/>
      </properties>
      <testcase name="Test Cases/Test Case 01" time="65.683" classname="Test Cases/Test Case 01" status="PASSED">
         <system-out><![CDATA[2020-09-30 17:00:30 - [TEST_CASE][PASSED] - Test Cases/Test Case 01: Test Cases/Test Case 01

2020-09-30 17:00:30 - [TEST_STEP][PASSED] - openBrowser(""): Browser is opened with url: ''

2020-09-30 17:00:35 - [MESSAGE][INFO] - Starting 'Chrome' driver

2020-09-30 17:00:39 - [MESSAGE][INFO] - Action delay is set to 0 milliseconds

2020-09-30 17:01:19 - [MESSAGE][PASSED] - Browser is opened with url: ''

2020-09-30 17:01:19 - [TEST_STEP][PASSED] - navigateToUrl("https://katalon-demo-cura.herokuapp.com/"): Navigate to 'https://katalon-demo-cura.herokuapp.com/' successfully

2020-09-30 17:01:27 - [MESSAGE][PASSED] - Navigate to 'https://katalon-demo-cura.herokuapp.com/' successfully

2020-09-30 17:01:27 - [TEST_STEP][PASSED] - click(findTestObject("Object Repository/Page_CURA Healthcare Service/i_CURA Healthcare_fa fa-bars")): Object: 'Object Repository/Page_CURA Healthcare Service/i_CURA Healthcare_fa fa-bars' is clicked on

2020-09-30 17:01:30 - [MESSAGE][PASSED] - Object: 'Object Repository/Page_CURA Healthcare Service/i_CURA Healthcare_fa fa-bars' is clicked on

2020-09-30 17:01:30 - [TEST_STEP][PASSED] - click(findTestObject("Object Repository/Page_CURA Healthcare Service/a_Login")): Object: 'Object Repository/Page_CURA Healthcare Service/a_Login' is clicked on

2020-09-30 17:01:32 - [MESSAGE][PASSED] - Object: 'Object Repository/Page_CURA Healthcare Service/a_Login' is clicked on

2020-09-30 17:01:32 - [TEST_STEP][PASSED] - click(findTestObject("Object Repository/Page_CURA Healthcare Service/input_Username_username")): Object: 'Object Repository/Page_CURA Healthcare Service/input_Username_username' is clicked on

2020-09-30 17:01:32 - [MESSAGE][PASSED] - Object: 'Object Repository/Page_CURA Healthcare Service/input_Username_username' is clicked on

2020-09-30 17:01:32 - [TEST_STEP][PASSED] - click(findTestObject("Object Repository/Page_CURA Healthcare Service/button_Login")): Object: 'Object Repository/Page_CURA Healthcare Service/button_Login' is clicked on

2020-09-30 17:01:33 - [MESSAGE][PASSED] - Object: 'Object Repository/Page_CURA Healthcare Service/button_Login' is clicked on

2020-09-30 17:01:33 - [TEST_STEP][PASSED] - verifyElementPresent(findTestObject("Page_CURA Healthcare Service/p_Login failed Please ensure the username a_eb55b5"), 0): Object 'Object Repository/Page_CURA Healthcare Service/p_Login failed Please ensure the username a_eb55b5' is present

2020-09-30 17:01:34 - [MESSAGE][WARNING] - Timeout '0' is invalid. Using default page load timeout: '30'

2020-09-30 17:01:34 - [MESSAGE][PASSED] - Object 'Object Repository/Page_CURA Healthcare Service/p_Login failed Please ensure the username a_eb55b5' is present

2020-09-30 17:01:34 - [TEST_STEP][PASSED] - closeBrowser(): Browser is closed

2020-09-30 17:01:35 - [MESSAGE][PASSED] - Browser is closed]]></system-out>
         <system-err><![CDATA[]]></system-err>
      </testcase>
      <testcase name="Test Cases/Test Case 02" time="17.405" classname="Test Cases/Test Case 02" status="PASSED">
         <system-out><![CDATA[2020-09-30 17:01:35 - [TEST_CASE][PASSED] - Test Cases/Test Case 02: Test Cases/Test Case 02

2020-09-30 17:01:36 - [TEST_STEP][PASSED] - openBrowser(""): Browser is opened with url: ''

2020-09-30 17:01:36 - [MESSAGE][INFO] - Starting 'Chrome' driver

2020-09-30 17:01:36 - [MESSAGE][INFO] - Action delay is set to 0 milliseconds

2020-09-30 17:01:41 - [MESSAGE][PASSED] - Browser is opened with url: ''

2020-09-30 17:01:41 - [TEST_STEP][PASSED] - navigateToUrl("https://katalon-demo-cura.herokuapp.com/"): Navigate to 'https://katalon-demo-cura.herokuapp.com/' successfully

2020-09-30 17:01:45 - [MESSAGE][PASSED] - Navigate to 'https://katalon-demo-cura.herokuapp.com/' successfully

2020-09-30 17:01:45 - [TEST_STEP][PASSED] - click(findTestObject("Object Repository/Page_CURA Healthcare Service/i_CURA Healthcare_fa fa-bars")): Object: 'Object Repository/Page_CURA Healthcare Service/i_CURA Healthcare_fa fa-bars' is clicked on

2020-09-30 17:01:46 - [MESSAGE][PASSED] - Object: 'Object Repository/Page_CURA Healthcare Service/i_CURA Healthcare_fa fa-bars' is clicked on

2020-09-30 17:01:46 - [TEST_STEP][PASSED] - click(findTestObject("Object Repository/Page_CURA Healthcare Service/a_Login")): Object: 'Object Repository/Page_CURA Healthcare Service/a_Login' is clicked on

2020-09-30 17:01:48 - [MESSAGE][PASSED] - Object: 'Object Repository/Page_CURA Healthcare Service/a_Login' is clicked on

2020-09-30 17:01:48 - [TEST_STEP][PASSED] - setText(findTestObject("Object Repository/Page_CURA Healthcare Service/input_Username_username"), "vanan@gmail.com"): Text 'vanan@gmail.com' is set on object 'Object Repository/Page_CURA Healthcare Service/input_Username_username'

2020-09-30 17:01:50 - [MESSAGE][PASSED] - Text 'vanan@gmail.com' is set on object 'Object Repository/Page_CURA Healthcare Service/input_Username_username'

2020-09-30 17:01:50 - [TEST_STEP][PASSED] - click(findTestObject("Object Repository/Page_CURA Healthcare Service/button_Login")): Object: 'Object Repository/Page_CURA Healthcare Service/button_Login' is clicked on

2020-09-30 17:01:51 - [MESSAGE][PASSED] - Object: 'Object Repository/Page_CURA Healthcare Service/button_Login' is clicked on

2020-09-30 17:01:51 - [TEST_STEP][PASSED] - verifyElementPresent(findTestObject("Page_CURA Healthcare Service/p_Login failed Please ensure the username a_eb55b5"), 0): Object 'Object Repository/Page_CURA Healthcare Service/p_Login failed Please ensure the username a_eb55b5' is present

2020-09-30 17:01:51 - [MESSAGE][WARNING] - Timeout '0' is invalid. Using default page load timeout: '30'

2020-09-30 17:01:52 - [MESSAGE][PASSED] - Object 'Object Repository/Page_CURA Healthcare Service/p_Login failed Please ensure the username a_eb55b5' is present

2020-09-30 17:01:52 - [TEST_STEP][PASSED] - closeBrowser(): Browser is closed

2020-09-30 17:01:53 - [MESSAGE][PASSED] - Browser is closed]]></system-out>
         <system-err><![CDATA[]]></system-err>
      </testcase>
      <testcase name="Test Cases/Test Case 03" time="17.617" classname="Test Cases/Test Case 03" status="PASSED">
         <system-out><![CDATA[2020-09-30 17:01:53 - [TEST_CASE][PASSED] - Test Cases/Test Case 03: Test Cases/Test Case 03

2020-09-30 17:01:53 - [TEST_STEP][PASSED] - openBrowser(""): Browser is opened with url: ''

2020-09-30 17:01:53 - [MESSAGE][INFO] - Starting 'Chrome' driver

2020-09-30 17:01:53 - [MESSAGE][INFO] - Action delay is set to 0 milliseconds

2020-09-30 17:01:59 - [MESSAGE][PASSED] - Browser is opened with url: ''

2020-09-30 17:01:59 - [TEST_STEP][PASSED] - navigateToUrl("https://katalon-demo-cura.herokuapp.com/"): Navigate to 'https://katalon-demo-cura.herokuapp.com/' successfully

2020-09-30 17:02:04 - [MESSAGE][PASSED] - Navigate to 'https://katalon-demo-cura.herokuapp.com/' successfully

2020-09-30 17:02:04 - [TEST_STEP][PASSED] - click(findTestObject("Object Repository/Page_CURA Healthcare Service/i_CURA Healthcare_fa fa-bars")): Object: 'Object Repository/Page_CURA Healthcare Service/i_CURA Healthcare_fa fa-bars' is clicked on

2020-09-30 17:02:05 - [MESSAGE][PASSED] - Object: 'Object Repository/Page_CURA Healthcare Service/i_CURA Healthcare_fa fa-bars' is clicked on

2020-09-30 17:02:05 - [TEST_STEP][PASSED] - click(findTestObject("Object Repository/Page_CURA Healthcare Service/a_Login")): Object: 'Object Repository/Page_CURA Healthcare Service/a_Login' is clicked on

2020-09-30 17:02:06 - [MESSAGE][PASSED] - Object: 'Object Repository/Page_CURA Healthcare Service/a_Login' is clicked on

2020-09-30 17:02:06 - [TEST_STEP][PASSED] - click(findTestObject("Object Repository/Page_CURA Healthcare Service/input_Username_username")): Object: 'Object Repository/Page_CURA Healthcare Service/input_Username_username' is clicked on

2020-09-30 17:02:06 - [MESSAGE][PASSED] - Object: 'Object Repository/Page_CURA Healthcare Service/input_Username_username' is clicked on

2020-09-30 17:02:06 - [TEST_STEP][PASSED] - setEncryptedText(findTestObject("Object Repository/Page_CURA Healthcare Service/input_Password_password"), "iih7DwqHPGxJrsQVptVtAg=="): Text ****** has been set on object 'Object Repository/Page_CURA Healthcare Service/input_Password_password'

2020-09-30 17:02:07 - [MESSAGE][PASSED] - Text ****** has been set on object 'Object Repository/Page_CURA Healthcare Service/input_Password_password'

2020-09-30 17:02:07 - [TEST_STEP][PASSED] - click(findTestObject("Object Repository/Page_CURA Healthcare Service/button_Login")): Object: 'Object Repository/Page_CURA Healthcare Service/button_Login' is clicked on

2020-09-30 17:02:08 - [MESSAGE][PASSED] - Object: 'Object Repository/Page_CURA Healthcare Service/button_Login' is clicked on

2020-09-30 17:02:08 - [TEST_STEP][PASSED] - verifyElementPresent(findTestObject("Page_CURA Healthcare Service/p_Login failed Please ensure the username a_eb55b5"), 0): Object 'Object Repository/Page_CURA Healthcare Service/p_Login failed Please ensure the username a_eb55b5' is present

2020-09-30 17:02:08 - [MESSAGE][WARNING] - Timeout '0' is invalid. Using default page load timeout: '30'

2020-09-30 17:02:09 - [MESSAGE][PASSED] - Object 'Object Repository/Page_CURA Healthcare Service/p_Login failed Please ensure the username a_eb55b5' is present

2020-09-30 17:02:09 - [TEST_STEP][PASSED] - closeBrowser(): Browser is closed

2020-09-30 17:02:10 - [MESSAGE][PASSED] - Browser is closed]]></system-out>
         <system-err><![CDATA[]]></system-err>
      </testcase>
      <testcase name="Test Cases/Test Case 04" time="16.707" classname="Test Cases/Test Case 04" status="PASSED">
         <system-out><![CDATA[2020-09-30 17:02:10 - [TEST_CASE][PASSED] - Test Cases/Test Case 04: Test Cases/Test Case 04

2020-09-30 17:02:11 - [TEST_STEP][PASSED] - openBrowser(""): Browser is opened with url: ''

2020-09-30 17:02:11 - [MESSAGE][INFO] - Starting 'Chrome' driver

2020-09-30 17:02:11 - [MESSAGE][INFO] - Action delay is set to 0 milliseconds

2020-09-30 17:02:16 - [MESSAGE][PASSED] - Browser is opened with url: ''

2020-09-30 17:02:16 - [TEST_STEP][PASSED] - navigateToUrl("https://katalon-demo-cura.herokuapp.com/"): Navigate to 'https://katalon-demo-cura.herokuapp.com/' successfully

2020-09-30 17:02:19 - [MESSAGE][PASSED] - Navigate to 'https://katalon-demo-cura.herokuapp.com/' successfully

2020-09-30 17:02:19 - [TEST_STEP][PASSED] - click(findTestObject("Object Repository/Page_CURA Healthcare Service/i_CURA Healthcare_fa fa-bars")): Object: 'Object Repository/Page_CURA Healthcare Service/i_CURA Healthcare_fa fa-bars' is clicked on

2020-09-30 17:02:20 - [MESSAGE][PASSED] - Object: 'Object Repository/Page_CURA Healthcare Service/i_CURA Healthcare_fa fa-bars' is clicked on

2020-09-30 17:02:20 - [TEST_STEP][PASSED] - click(findTestObject("Object Repository/Page_CURA Healthcare Service/a_Login")): Object: 'Object Repository/Page_CURA Healthcare Service/a_Login' is clicked on

2020-09-30 17:02:21 - [MESSAGE][PASSED] - Object: 'Object Repository/Page_CURA Healthcare Service/a_Login' is clicked on

2020-09-30 17:02:21 - [TEST_STEP][PASSED] - setText(findTestObject("Object Repository/Page_CURA Healthcare Service/input_Username_username"), "anghtaj@gmail.com"): Text 'anghtaj@gmail.com' is set on object 'Object Repository/Page_CURA Healthcare Service/input_Username_username'

2020-09-30 17:02:22 - [MESSAGE][PASSED] - Text 'anghtaj@gmail.com' is set on object 'Object Repository/Page_CURA Healthcare Service/input_Username_username'

2020-09-30 17:02:22 - [TEST_STEP][PASSED] - setEncryptedText(findTestObject("Object Repository/Page_CURA Healthcare Service/input_Password_password"), "wcdkwpfXPddPasg9BQqOIQ=="): Text ****** has been set on object 'Object Repository/Page_CURA Healthcare Service/input_Password_password'

2020-09-30 17:02:22 - [MESSAGE][PASSED] - Text ****** has been set on object 'Object Repository/Page_CURA Healthcare Service/input_Password_password'

2020-09-30 17:02:22 - [TEST_STEP][PASSED] - click(findTestObject("Object Repository/Page_CURA Healthcare Service/button_Login")): Object: 'Object Repository/Page_CURA Healthcare Service/button_Login' is clicked on

2020-09-30 17:02:24 - [MESSAGE][PASSED] - Object: 'Object Repository/Page_CURA Healthcare Service/button_Login' is clicked on

2020-09-30 17:02:24 - [TEST_STEP][PASSED] - verifyElementPresent(findTestObject("Page_CURA Healthcare Service/p_Login failed Please ensure the username a_eb55b5"), 0): Object 'Object Repository/Page_CURA Healthcare Service/p_Login failed Please ensure the username a_eb55b5' is present

2020-09-30 17:02:24 - [MESSAGE][WARNING] - Timeout '0' is invalid. Using default page load timeout: '30'

2020-09-30 17:02:24 - [MESSAGE][PASSED] - Object 'Object Repository/Page_CURA Healthcare Service/p_Login failed Please ensure the username a_eb55b5' is present

2020-09-30 17:02:24 - [TEST_STEP][PASSED] - closeBrowser(): Browser is closed

2020-09-30 17:02:27 - [MESSAGE][PASSED] - Browser is closed]]></system-out>
         <system-err><![CDATA[]]></system-err>
      </testcase>
      <testcase name="Test Cases/Test Case 05" time="17.849" classname="Test Cases/Test Case 05" status="PASSED">
         <system-out><![CDATA[2020-09-30 17:02:27 - [TEST_CASE][PASSED] - Test Cases/Test Case 05: Test Cases/Test Case 05

2020-09-30 17:02:27 - [TEST_STEP][PASSED] - openBrowser(""): Browser is opened with url: ''

2020-09-30 17:02:27 - [MESSAGE][INFO] - Starting 'Chrome' driver

2020-09-30 17:02:27 - [MESSAGE][INFO] - Action delay is set to 0 milliseconds

2020-09-30 17:02:34 - [MESSAGE][PASSED] - Browser is opened with url: ''

2020-09-30 17:02:34 - [TEST_STEP][PASSED] - navigateToUrl("https://katalon-demo-cura.herokuapp.com/"): Navigate to 'https://katalon-demo-cura.herokuapp.com/' successfully

2020-09-30 17:02:38 - [MESSAGE][PASSED] - Navigate to 'https://katalon-demo-cura.herokuapp.com/' successfully

2020-09-30 17:02:38 - [TEST_STEP][PASSED] - click(findTestObject("Object Repository/Page_CURA Healthcare Service/i_CURA Healthcare_fa fa-bars")): Object: 'Object Repository/Page_CURA Healthcare Service/i_CURA Healthcare_fa fa-bars' is clicked on

2020-09-30 17:02:39 - [MESSAGE][PASSED] - Object: 'Object Repository/Page_CURA Healthcare Service/i_CURA Healthcare_fa fa-bars' is clicked on

2020-09-30 17:02:39 - [TEST_STEP][PASSED] - click(findTestObject("Object Repository/Page_CURA Healthcare Service/a_Login")): Object: 'Object Repository/Page_CURA Healthcare Service/a_Login' is clicked on

2020-09-30 17:02:40 - [MESSAGE][PASSED] - Object: 'Object Repository/Page_CURA Healthcare Service/a_Login' is clicked on

2020-09-30 17:02:40 - [TEST_STEP][PASSED] - setText(findTestObject("Object Repository/Page_CURA Healthcare Service/input_Username_username"), "John Doe"): Text 'John Doe' is set on object 'Object Repository/Page_CURA Healthcare Service/input_Username_username'

2020-09-30 17:02:41 - [MESSAGE][PASSED] - Text 'John Doe' is set on object 'Object Repository/Page_CURA Healthcare Service/input_Username_username'

2020-09-30 17:02:41 - [TEST_STEP][PASSED] - setEncryptedText(findTestObject("Object Repository/Page_CURA Healthcare Service/input_Password_password"), "g3/DOGG74jC3Flrr3yH+3D/yKbOqqUNM"): Text ****** has been set on object 'Object Repository/Page_CURA Healthcare Service/input_Password_password'

2020-09-30 17:02:41 - [MESSAGE][PASSED] - Text ****** has been set on object 'Object Repository/Page_CURA Healthcare Service/input_Password_password'

2020-09-30 17:02:41 - [TEST_STEP][PASSED] - click(findTestObject("Object Repository/Page_CURA Healthcare Service/button_Login")): Object: 'Object Repository/Page_CURA Healthcare Service/button_Login' is clicked on

2020-09-30 17:02:43 - [MESSAGE][PASSED] - Object: 'Object Repository/Page_CURA Healthcare Service/button_Login' is clicked on

2020-09-30 17:02:43 - [TEST_STEP][PASSED] - verifyElementPresent(findTestObject("Page_CURA Healthcare Service/h2_Make Appointment"), 0): Object 'Object Repository/Page_CURA Healthcare Service/h2_Make Appointment' is present

2020-09-30 17:02:43 - [MESSAGE][WARNING] - Timeout '0' is invalid. Using default page load timeout: '30'

2020-09-30 17:02:44 - [MESSAGE][PASSED] - Object 'Object Repository/Page_CURA Healthcare Service/h2_Make Appointment' is present

2020-09-30 17:02:44 - [TEST_STEP][PASSED] - closeBrowser(): Browser is closed

2020-09-30 17:02:45 - [MESSAGE][PASSED] - Browser is closed]]></system-out>
         <system-err><![CDATA[]]></system-err>
      </testcase>
      <system-out><![CDATA[2020-09-30 17:00:29 - [TEST_SUITE][PASSED] - New Test Suite lab01: Test Cases/Test Case 05]]></system-out>
      <system-err><![CDATA[]]></system-err>
   </testsuite>
</testsuites>
