<?xml version="1.0" encoding="UTF-8"?>
<testsuites name="New Test Suite lab01" time="67.591" tests="5" failures="0" errors="0">
   <testsuite name="New Test Suite lab01" tests="5" failures="0" errors="0" time="67.591" timestamp="2020-09-22 19:16:59" hostname="ANNV - DESKTOP-CLLTEF0" id="Test Suites/New Test Suite lab01">
      <properties>
         <property name="deviceName" value=""/>
         <property name="devicePlatform" value=""/>
         <property name="logFolder" value="C:\\Users\\ANNV\\Katalon Studio\\My First Web UI Project\\Reports\\20200922_191651\\New Test Suite lab01\\20200922_191651"/>
         <property name="logFiles" value="C:\\Users\\ANNV\\Katalon Studio\\My First Web UI Project\\Reports\\20200922_191651\\New Test Suite lab01\\20200922_191651\\execution0.log"/>
         <property name="attachments" value=""/>
         <property name="hostName" value="ANNV - DESKTOP-CLLTEF0"/>
         <property name="os" value="Windows 10 64bit"/>
         <property name="katalonVersion" value="7.7.0.205"/>
         <property name="browser" value="Chrome 85.0.4183.102"/>
         <property name="hostAddress" value="192.168.0.107"/>
         <property name="sessionId" value="d0ef45a83d1fd1239e43c80e02ea7ccb"/>
         <property name="seleniumVersion" value="3.141.59"/>
         <property name="proxyInformation" value="ProxyInformation { proxyOption=NO_PROXY, proxyServerType=HTTP, username=, password=********, proxyServerAddress=, proxyServerPort=0, executionList=&quot;&quot;, isApplyToDesiredCapabilities=true }"/>
         <property name="platform" value="Windows 10"/>
      </properties>
      <testcase name="Test Cases/Test Case 01" time="15.871" classname="Test Cases/Test Case 01" status="PASSED">
         <system-out><![CDATA[2020-09-22 19:16:59 - [TEST_CASE][PASSED] - Test Cases/Test Case 01: Test Cases/Test Case 01

2020-09-22 19:17:00 - [TEST_STEP][PASSED] - openBrowser(""): Browser is opened with url: ''

2020-09-22 19:17:00 - [MESSAGE][INFO] - Starting 'Chrome' driver

2020-09-22 19:17:01 - [MESSAGE][INFO] - Action delay is set to 0 milliseconds

2020-09-22 19:17:05 - [MESSAGE][PASSED] - Browser is opened with url: ''

2020-09-22 19:17:05 - [TEST_STEP][PASSED] - navigateToUrl("https://katalon-demo-cura.herokuapp.com/"): Navigate to 'https://katalon-demo-cura.herokuapp.com/' successfully

2020-09-22 19:17:10 - [MESSAGE][PASSED] - Navigate to 'https://katalon-demo-cura.herokuapp.com/' successfully

2020-09-22 19:17:10 - [TEST_STEP][PASSED] - click(findTestObject("Object Repository/Page_CURA Healthcare Service/i_CURA Healthcare_fa fa-bars")): Object: 'Object Repository/Page_CURA Healthcare Service/i_CURA Healthcare_fa fa-bars' is clicked on

2020-09-22 19:17:11 - [MESSAGE][PASSED] - Object: 'Object Repository/Page_CURA Healthcare Service/i_CURA Healthcare_fa fa-bars' is clicked on

2020-09-22 19:17:11 - [TEST_STEP][PASSED] - click(findTestObject("Object Repository/Page_CURA Healthcare Service/a_Login")): Object: 'Object Repository/Page_CURA Healthcare Service/a_Login' is clicked on

2020-09-22 19:17:12 - [MESSAGE][PASSED] - Object: 'Object Repository/Page_CURA Healthcare Service/a_Login' is clicked on

2020-09-22 19:17:12 - [TEST_STEP][PASSED] - click(findTestObject("Object Repository/Page_CURA Healthcare Service/input_Username_username")): Object: 'Object Repository/Page_CURA Healthcare Service/input_Username_username' is clicked on

2020-09-22 19:17:13 - [MESSAGE][PASSED] - Object: 'Object Repository/Page_CURA Healthcare Service/input_Username_username' is clicked on

2020-09-22 19:17:13 - [TEST_STEP][PASSED] - click(findTestObject("Object Repository/Page_CURA Healthcare Service/button_Login")): Object: 'Object Repository/Page_CURA Healthcare Service/button_Login' is clicked on

2020-09-22 19:17:14 - [MESSAGE][PASSED] - Object: 'Object Repository/Page_CURA Healthcare Service/button_Login' is clicked on

2020-09-22 19:17:14 - [TEST_STEP][PASSED] - verifyElementPresent(findTestObject("Page_CURA Healthcare Service/p_Login failed Please ensure the username a_eb55b5"), 0): Object 'Object Repository/Page_CURA Healthcare Service/p_Login failed Please ensure the username a_eb55b5' is present

2020-09-22 19:17:14 - [MESSAGE][WARNING] - Timeout '0' is invalid. Using default page load timeout: '30'

2020-09-22 19:17:14 - [MESSAGE][PASSED] - Object 'Object Repository/Page_CURA Healthcare Service/p_Login failed Please ensure the username a_eb55b5' is present

2020-09-22 19:17:14 - [TEST_STEP][PASSED] - closeBrowser(): Browser is closed

2020-09-22 19:17:15 - [MESSAGE][PASSED] - Browser is closed]]></system-out>
         <system-err><![CDATA[]]></system-err>
      </testcase>
      <testcase name="Test Cases/Test Case 02" time="12.203" classname="Test Cases/Test Case 02" status="PASSED">
         <system-out><![CDATA[2020-09-22 19:17:15 - [TEST_CASE][PASSED] - Test Cases/Test Case 02: Test Cases/Test Case 02

2020-09-22 19:17:16 - [TEST_STEP][PASSED] - openBrowser(""): Browser is opened with url: ''

2020-09-22 19:17:16 - [MESSAGE][INFO] - Starting 'Chrome' driver

2020-09-22 19:17:16 - [MESSAGE][INFO] - Action delay is set to 0 milliseconds

2020-09-22 19:17:20 - [MESSAGE][PASSED] - Browser is opened with url: ''

2020-09-22 19:17:20 - [TEST_STEP][PASSED] - navigateToUrl("https://katalon-demo-cura.herokuapp.com/"): Navigate to 'https://katalon-demo-cura.herokuapp.com/' successfully

2020-09-22 19:17:23 - [MESSAGE][PASSED] - Navigate to 'https://katalon-demo-cura.herokuapp.com/' successfully

2020-09-22 19:17:23 - [TEST_STEP][PASSED] - click(findTestObject("Object Repository/Page_CURA Healthcare Service/i_CURA Healthcare_fa fa-bars")): Object: 'Object Repository/Page_CURA Healthcare Service/i_CURA Healthcare_fa fa-bars' is clicked on

2020-09-22 19:17:23 - [MESSAGE][PASSED] - Object: 'Object Repository/Page_CURA Healthcare Service/i_CURA Healthcare_fa fa-bars' is clicked on

2020-09-22 19:17:23 - [TEST_STEP][PASSED] - click(findTestObject("Object Repository/Page_CURA Healthcare Service/a_Login")): Object: 'Object Repository/Page_CURA Healthcare Service/a_Login' is clicked on

2020-09-22 19:17:25 - [MESSAGE][PASSED] - Object: 'Object Repository/Page_CURA Healthcare Service/a_Login' is clicked on

2020-09-22 19:17:25 - [TEST_STEP][PASSED] - setText(findTestObject("Object Repository/Page_CURA Healthcare Service/input_Username_username"), "vanan@gmail.com"): Text 'vanan@gmail.com' is set on object 'Object Repository/Page_CURA Healthcare Service/input_Username_username'

2020-09-22 19:17:25 - [MESSAGE][PASSED] - Text 'vanan@gmail.com' is set on object 'Object Repository/Page_CURA Healthcare Service/input_Username_username'

2020-09-22 19:17:25 - [TEST_STEP][PASSED] - click(findTestObject("Object Repository/Page_CURA Healthcare Service/button_Login")): Object: 'Object Repository/Page_CURA Healthcare Service/button_Login' is clicked on

2020-09-22 19:17:26 - [MESSAGE][PASSED] - Object: 'Object Repository/Page_CURA Healthcare Service/button_Login' is clicked on

2020-09-22 19:17:26 - [TEST_STEP][PASSED] - verifyElementPresent(findTestObject("Page_CURA Healthcare Service/p_Login failed Please ensure the username a_eb55b5"), 0): Object 'Object Repository/Page_CURA Healthcare Service/p_Login failed Please ensure the username a_eb55b5' is present

2020-09-22 19:17:26 - [MESSAGE][WARNING] - Timeout '0' is invalid. Using default page load timeout: '30'

2020-09-22 19:17:27 - [MESSAGE][PASSED] - Object 'Object Repository/Page_CURA Healthcare Service/p_Login failed Please ensure the username a_eb55b5' is present

2020-09-22 19:17:27 - [TEST_STEP][PASSED] - closeBrowser(): Browser is closed

2020-09-22 19:17:27 - [MESSAGE][PASSED] - Browser is closed]]></system-out>
         <system-err><![CDATA[]]></system-err>
      </testcase>
      <testcase name="Test Cases/Test Case 03" time="12.463" classname="Test Cases/Test Case 03" status="PASSED">
         <system-out><![CDATA[2020-09-22 19:17:27 - [TEST_CASE][PASSED] - Test Cases/Test Case 03: Test Cases/Test Case 03

2020-09-22 19:17:28 - [TEST_STEP][PASSED] - openBrowser(""): Browser is opened with url: ''

2020-09-22 19:17:28 - [MESSAGE][INFO] - Starting 'Chrome' driver

2020-09-22 19:17:28 - [MESSAGE][INFO] - Action delay is set to 0 milliseconds

2020-09-22 19:17:32 - [MESSAGE][PASSED] - Browser is opened with url: ''

2020-09-22 19:17:32 - [TEST_STEP][PASSED] - navigateToUrl("https://katalon-demo-cura.herokuapp.com/"): Navigate to 'https://katalon-demo-cura.herokuapp.com/' successfully

2020-09-22 19:17:35 - [MESSAGE][PASSED] - Navigate to 'https://katalon-demo-cura.herokuapp.com/' successfully

2020-09-22 19:17:35 - [TEST_STEP][PASSED] - click(findTestObject("Object Repository/Page_CURA Healthcare Service/i_CURA Healthcare_fa fa-bars")): Object: 'Object Repository/Page_CURA Healthcare Service/i_CURA Healthcare_fa fa-bars' is clicked on

2020-09-22 19:17:36 - [MESSAGE][PASSED] - Object: 'Object Repository/Page_CURA Healthcare Service/i_CURA Healthcare_fa fa-bars' is clicked on

2020-09-22 19:17:36 - [TEST_STEP][PASSED] - click(findTestObject("Object Repository/Page_CURA Healthcare Service/a_Login")): Object: 'Object Repository/Page_CURA Healthcare Service/a_Login' is clicked on

2020-09-22 19:17:37 - [MESSAGE][PASSED] - Object: 'Object Repository/Page_CURA Healthcare Service/a_Login' is clicked on

2020-09-22 19:17:37 - [TEST_STEP][PASSED] - click(findTestObject("Object Repository/Page_CURA Healthcare Service/input_Username_username")): Object: 'Object Repository/Page_CURA Healthcare Service/input_Username_username' is clicked on

2020-09-22 19:17:37 - [MESSAGE][PASSED] - Object: 'Object Repository/Page_CURA Healthcare Service/input_Username_username' is clicked on

2020-09-22 19:17:37 - [TEST_STEP][PASSED] - setEncryptedText(findTestObject("Object Repository/Page_CURA Healthcare Service/input_Password_password"), "iih7DwqHPGxJrsQVptVtAg=="): Text ****** has been set on object 'Object Repository/Page_CURA Healthcare Service/input_Password_password'

2020-09-22 19:17:38 - [MESSAGE][PASSED] - Text ****** has been set on object 'Object Repository/Page_CURA Healthcare Service/input_Password_password'

2020-09-22 19:17:38 - [TEST_STEP][PASSED] - click(findTestObject("Object Repository/Page_CURA Healthcare Service/button_Login")): Object: 'Object Repository/Page_CURA Healthcare Service/button_Login' is clicked on

2020-09-22 19:17:39 - [MESSAGE][PASSED] - Object: 'Object Repository/Page_CURA Healthcare Service/button_Login' is clicked on

2020-09-22 19:17:39 - [TEST_STEP][PASSED] - verifyElementPresent(findTestObject("Page_CURA Healthcare Service/p_Login failed Please ensure the username a_eb55b5"), 0): Object 'Object Repository/Page_CURA Healthcare Service/p_Login failed Please ensure the username a_eb55b5' is present

2020-09-22 19:17:39 - [MESSAGE][WARNING] - Timeout '0' is invalid. Using default page load timeout: '30'

2020-09-22 19:17:39 - [MESSAGE][PASSED] - Object 'Object Repository/Page_CURA Healthcare Service/p_Login failed Please ensure the username a_eb55b5' is present

2020-09-22 19:17:39 - [TEST_STEP][PASSED] - closeBrowser(): Browser is closed

2020-09-22 19:17:40 - [MESSAGE][PASSED] - Browser is closed]]></system-out>
         <system-err><![CDATA[]]></system-err>
      </testcase>
      <testcase name="Test Cases/Test Case 04" time="12.999" classname="Test Cases/Test Case 04" status="PASSED">
         <system-out><![CDATA[2020-09-22 19:17:40 - [TEST_CASE][PASSED] - Test Cases/Test Case 04: Test Cases/Test Case 04

2020-09-22 19:17:40 - [TEST_STEP][PASSED] - openBrowser(""): Browser is opened with url: ''

2020-09-22 19:17:40 - [MESSAGE][INFO] - Starting 'Chrome' driver

2020-09-22 19:17:40 - [MESSAGE][INFO] - Action delay is set to 0 milliseconds

2020-09-22 19:17:45 - [MESSAGE][PASSED] - Browser is opened with url: ''

2020-09-22 19:17:45 - [TEST_STEP][PASSED] - navigateToUrl("https://katalon-demo-cura.herokuapp.com/"): Navigate to 'https://katalon-demo-cura.herokuapp.com/' successfully

2020-09-22 19:17:48 - [MESSAGE][PASSED] - Navigate to 'https://katalon-demo-cura.herokuapp.com/' successfully

2020-09-22 19:17:48 - [TEST_STEP][PASSED] - click(findTestObject("Object Repository/Page_CURA Healthcare Service/i_CURA Healthcare_fa fa-bars")): Object: 'Object Repository/Page_CURA Healthcare Service/i_CURA Healthcare_fa fa-bars' is clicked on

2020-09-22 19:17:48 - [MESSAGE][PASSED] - Object: 'Object Repository/Page_CURA Healthcare Service/i_CURA Healthcare_fa fa-bars' is clicked on

2020-09-22 19:17:48 - [TEST_STEP][PASSED] - click(findTestObject("Object Repository/Page_CURA Healthcare Service/a_Login")): Object: 'Object Repository/Page_CURA Healthcare Service/a_Login' is clicked on

2020-09-22 19:17:49 - [MESSAGE][PASSED] - Object: 'Object Repository/Page_CURA Healthcare Service/a_Login' is clicked on

2020-09-22 19:17:49 - [TEST_STEP][PASSED] - setText(findTestObject("Object Repository/Page_CURA Healthcare Service/input_Username_username"), "anghtaj@gmail.com"): Text 'anghtaj@gmail.com' is set on object 'Object Repository/Page_CURA Healthcare Service/input_Username_username'

2020-09-22 19:17:50 - [MESSAGE][PASSED] - Text 'anghtaj@gmail.com' is set on object 'Object Repository/Page_CURA Healthcare Service/input_Username_username'

2020-09-22 19:17:50 - [TEST_STEP][PASSED] - setEncryptedText(findTestObject("Object Repository/Page_CURA Healthcare Service/input_Password_password"), "wcdkwpfXPddPasg9BQqOIQ=="): Text ****** has been set on object 'Object Repository/Page_CURA Healthcare Service/input_Password_password'

2020-09-22 19:17:51 - [MESSAGE][PASSED] - Text ****** has been set on object 'Object Repository/Page_CURA Healthcare Service/input_Password_password'

2020-09-22 19:17:51 - [TEST_STEP][PASSED] - click(findTestObject("Object Repository/Page_CURA Healthcare Service/button_Login")): Object: 'Object Repository/Page_CURA Healthcare Service/button_Login' is clicked on

2020-09-22 19:17:52 - [MESSAGE][PASSED] - Object: 'Object Repository/Page_CURA Healthcare Service/button_Login' is clicked on

2020-09-22 19:17:52 - [TEST_STEP][PASSED] - verifyElementPresent(findTestObject("Page_CURA Healthcare Service/p_Login failed Please ensure the username a_eb55b5"), 0): Object 'Object Repository/Page_CURA Healthcare Service/p_Login failed Please ensure the username a_eb55b5' is present

2020-09-22 19:17:52 - [MESSAGE][WARNING] - Timeout '0' is invalid. Using default page load timeout: '30'

2020-09-22 19:17:52 - [MESSAGE][PASSED] - Object 'Object Repository/Page_CURA Healthcare Service/p_Login failed Please ensure the username a_eb55b5' is present

2020-09-22 19:17:52 - [TEST_STEP][PASSED] - closeBrowser(): Browser is closed

2020-09-22 19:17:53 - [MESSAGE][PASSED] - Browser is closed]]></system-out>
         <system-err><![CDATA[]]></system-err>
      </testcase>
      <testcase name="Test Cases/Test Case 05" time="12.389" classname="Test Cases/Test Case 05" status="PASSED">
         <system-out><![CDATA[2020-09-22 19:17:53 - [TEST_CASE][PASSED] - Test Cases/Test Case 05: Test Cases/Test Case 05

2020-09-22 19:17:53 - [TEST_STEP][PASSED] - openBrowser(""): Browser is opened with url: ''

2020-09-22 19:17:53 - [MESSAGE][INFO] - Starting 'Chrome' driver

2020-09-22 19:17:53 - [MESSAGE][INFO] - Action delay is set to 0 milliseconds

2020-09-22 19:17:58 - [MESSAGE][PASSED] - Browser is opened with url: ''

2020-09-22 19:17:58 - [TEST_STEP][PASSED] - navigateToUrl("https://katalon-demo-cura.herokuapp.com/"): Navigate to 'https://katalon-demo-cura.herokuapp.com/' successfully

2020-09-22 19:18:00 - [MESSAGE][PASSED] - Navigate to 'https://katalon-demo-cura.herokuapp.com/' successfully

2020-09-22 19:18:00 - [TEST_STEP][PASSED] - click(findTestObject("Object Repository/Page_CURA Healthcare Service/i_CURA Healthcare_fa fa-bars")): Object: 'Object Repository/Page_CURA Healthcare Service/i_CURA Healthcare_fa fa-bars' is clicked on

2020-09-22 19:18:01 - [MESSAGE][PASSED] - Object: 'Object Repository/Page_CURA Healthcare Service/i_CURA Healthcare_fa fa-bars' is clicked on

2020-09-22 19:18:01 - [TEST_STEP][PASSED] - click(findTestObject("Object Repository/Page_CURA Healthcare Service/a_Login")): Object: 'Object Repository/Page_CURA Healthcare Service/a_Login' is clicked on

2020-09-22 19:18:02 - [MESSAGE][PASSED] - Object: 'Object Repository/Page_CURA Healthcare Service/a_Login' is clicked on

2020-09-22 19:18:02 - [TEST_STEP][PASSED] - setText(findTestObject("Object Repository/Page_CURA Healthcare Service/input_Username_username"), "John Doe"): Text 'John Doe' is set on object 'Object Repository/Page_CURA Healthcare Service/input_Username_username'

2020-09-22 19:18:03 - [MESSAGE][PASSED] - Text 'John Doe' is set on object 'Object Repository/Page_CURA Healthcare Service/input_Username_username'

2020-09-22 19:18:03 - [TEST_STEP][PASSED] - setEncryptedText(findTestObject("Object Repository/Page_CURA Healthcare Service/input_Password_password"), "g3/DOGG74jC3Flrr3yH+3D/yKbOqqUNM"): Text ****** has been set on object 'Object Repository/Page_CURA Healthcare Service/input_Password_password'

2020-09-22 19:18:03 - [MESSAGE][PASSED] - Text ****** has been set on object 'Object Repository/Page_CURA Healthcare Service/input_Password_password'

2020-09-22 19:18:03 - [TEST_STEP][PASSED] - click(findTestObject("Object Repository/Page_CURA Healthcare Service/button_Login")): Object: 'Object Repository/Page_CURA Healthcare Service/button_Login' is clicked on

2020-09-22 19:18:04 - [MESSAGE][PASSED] - Object: 'Object Repository/Page_CURA Healthcare Service/button_Login' is clicked on

2020-09-22 19:18:04 - [TEST_STEP][PASSED] - verifyElementPresent(findTestObject("Page_CURA Healthcare Service/h2_Make Appointment"), 0): Object 'Object Repository/Page_CURA Healthcare Service/h2_Make Appointment' is present

2020-09-22 19:18:04 - [MESSAGE][WARNING] - Timeout '0' is invalid. Using default page load timeout: '30'

2020-09-22 19:18:05 - [MESSAGE][PASSED] - Object 'Object Repository/Page_CURA Healthcare Service/h2_Make Appointment' is present

2020-09-22 19:18:05 - [TEST_STEP][PASSED] - closeBrowser(): Browser is closed

2020-09-22 19:18:05 - [MESSAGE][PASSED] - Browser is closed]]></system-out>
         <system-err><![CDATA[]]></system-err>
      </testcase>
      <system-out><![CDATA[2020-09-22 19:16:59 - [TEST_SUITE][PASSED] - New Test Suite lab01: Test Cases/Test Case 05]]></system-out>
      <system-err><![CDATA[]]></system-err>
   </testsuite>
</testsuites>
